<?xml version="1.0" encoding="UTF-8"?>
<beans xmlns="http://www.springframework.org/schema/beans"
       xmlns:xsi="http://www.w3.org/2001/XMLSchema-instance"
       xmlns:tx="http://www.springframework.org/schema/tx"
       xmlns:context="http://www.springframework.org/schema/context"
       xmlns:mvc="http://www.springframework.org/schema/mvc"
       xsi:schemaLocation="
            http://www.springframework.org/schema/beans http://www.springframework.org/schema/beans/spring-beans.xsd
            http://www.springframework.org/schema/tx http://www.springframework.org/schema/tx/spring-tx.xsd
            http://www.springframework.org/schema/mvc http://www.springframework.org/schema/mvc/spring-mvc.xsd
            http://www.springframework.org/schema/context http://www.springframework.org/schema/context/spring-context-4.0.xsd">
    
    <context:component-scan base-package="com.yidumen.cms" />
    <mvc:annotation-driven />
    
    <bean id="dataSource" class="org.springframework.jdbc.datasource.DriverManagerDataSource">
        <property name="driverClassName" value="com.mysql.jdbc.Driver"/>
        <property name="url" value="jdbc:mysql://localhost:3306/fayala"/>
        <property name="username" value="yidumen"/>
        <property name="password" value="yidumen"/>
    </bean>
    <bean id="sessionFactory" class="org.springframework.orm.hibernate4.LocalSessionFactoryBean">
        <property name="dataSource" ref="dataSource" />
        <property name="hibernateProperties">
            <value>
                hibernate.dialect=org.hibernate.dialect.MySQLDialect
            </value>
        </property>
        <property name="annotatedClasses">
            <array>
                <value>com.yidumen.dao.entity.Account</value>
                <value>com.yidumen.dao.entity.AccessInfo</value>
                <value>com.yidumen.dao.entity.VerifyInfo</value>
                <value>com.yidumen.dao.entity.Comment</value>
                <value>com.yidumen.dao.entity.Sutra</value>
                <value>com.yidumen.dao.entity.SutraMark</value>
                <value>com.yidumen.dao.entity.Tag</value>
                <value>com.yidumen.dao.entity.Tag</value>
                <value>com.yidumen.dao.entity.UserMessage</value>
                <value>com.yidumen.dao.entity.Video</value>
                <value>com.yidumen.dao.entity.VideoInfo</value>
            </array>
        </property>
    </bean>
    
    <bean id="transactionManager" class="org.springframework.orm.hibernate4.HibernateTransactionManager">
        <property name="sessionFactory" ref="sessionFactory"/>
    </bean>
    
    <tx:annotation-driven transaction-manager="transactionManager" />
    
    <bean id="videoDAO" class="com.yidumen.dao.impl.VideoSHImpl" />

</beans>
